[2020-07-04 17:04:18] local.ERROR: SQLSTATE[HY000] [1049] Unknown database 'simtopa_db' (SQL: select * from `products`) {"exception":"[object] (Illuminate\\Database\\QueryException(code: 1049): SQLSTATE[HY000] [1049] Unknown database 'simtopa_db' (SQL: select * from `products`) at /home/drnfx25/Desktop/SIMTOPA_draft/vendor/laravel/framework/src/Illuminate/Database/Connection.php:664, PDOException(code: 1049): SQLSTATE[HY000] [1049] Unknown database 'simtopa_db' at /home/drnfx25/Desktop/SIMTOPA_draft/vendor/laravel/framework/src/Illuminate/Database/Connectors/Connector.php:70)
[stacktrace]
#0 /home/drnfx25/Desktop/SIMTOPA_draft/vendor/laravel/framework/src/Illuminate/Database/Connection.php(624): Illuminate\\Database\\Connection->runQueryCallback()
#1 /home/drnfx25/Desktop/SIMTOPA_draft/vendor/laravel/framework/src/Illuminate/Database/Connection.php(333): Illuminate\\Database\\Connection->run()
#2 /home/drnfx25/Desktop/SIMTOPA_draft/vendor/laravel/framework/src/Illuminate/Database/Query/Builder.php(2027): Illuminate\\Database\\Connection->select()
#3 /home/drnfx25/Desktop/SIMTOPA_draft/vendor/laravel/framework/src/Illuminate/Database/Query/Builder.php(2015): Illuminate\\Database\\Query\\Builder->runSelect()
#4 /home/drnfx25/Desktop/SIMTOPA_draft/vendor/laravel/framework/src/Illuminate/Database/Query/Builder.php(2499): Illuminate\\Database\\Query\\Builder->Illuminate\\Database\\Query\\{closure}()
#5 /home/drnfx25/Desktop/SIMTOPA_draft/vendor/laravel/framework/src/Illuminate/Database/Query/Builder.php(2016): Illuminate\\Database\\Query\\Builder->onceWithColumns()
#6 /home/drnfx25/Desktop/SIMTOPA_draft/vendor/laravel/framework/src/Illuminate/Database/Eloquent/Builder.php(516): Illuminate\\Database\\Query\\Builder->get()
#7 /home/drnfx25/Desktop/SIMTOPA_draft/vendor/laravel/framework/src/Illuminate/Database/Eloquent/Builder.php(500): Illuminate\\Database\\Eloquent\\Builder->getModels()
#8 /home/drnfx25/Desktop/SIMTOPA_draft/vendor/laravel/framework/src/Illuminate/Database/Eloquent/Model.php(459): Illuminate\\Database\\Eloquent\\Builder->get()
#9 /home/drnfx25/Desktop/SIMTOPA_draft/app/Http/Controllers/IndexController.php(14): Illuminate\\Database\\Eloquent\\Model::all()
#10 [internal function]: App\\Http\\Controllers\\IndexController->index()
#11 /home/drnfx25/Desktop/SIMTOPA_draft/vendor/laravel/framework/src/Illuminate/Routing/Controller.php(54): call_user_func_array()
#12 /home/drnfx25/Desktop/SIMTOPA_draft/vendor/laravel/framework/src/Illuminate/Routing/ControllerDispatcher.php(45): Illuminate\\Routing\\Controller->callAction()
#13 /home/drnfx25/Desktop/SIMTOPA_draft/vendor/laravel/framework/src/Illuminate/Routing/Route.php(212): Illuminate\\Routing\\ControllerDispatcher->dispatch()
#14 /home/drnfx25/Desktop/SIMTOPA_draft/vendor/laravel/framework/src/Illuminate/Routing/Route.php(169): Illuminate\\Routing\\Route->runController()
#15 /home/drnfx25/Desktop/SIMTOPA_draft/vendor/laravel/framework/src/Illuminate/Routing/Router.php(679): Illuminate\\Routing\\Route->run()
#16 /home/drnfx25/Desktop/SIMTOPA_draft/vendor/laravel/framework/src/Illuminate/Routing/Pipeline.php(30): Illuminate\\Routing\\Router->Illuminate\\Routing\\{closure}()
#17 /home/drnfx25/Desktop/SIMTOPA_draft/vendor/laravel/framework/src/Illuminate/Routing/Middleware/SubstituteBindings.php(41): Illuminate\\Routing\\Pipeline->Illuminate\\Routing\\{closure}()
#18 /home/drnfx25/Desktop/SIMTOPA_draft/vendor/laravel/framework/src/Illuminate/Pipeline/Pipeline.php(151): Illuminate\\Routing\\Middleware\\SubstituteBindings->handle()
#19 /home/drnfx25/Desktop/SIMTOPA_draft/vendor/laravel/framework/src/Illuminate/Routing/Pipeline.php(53): Illuminate\\Pipeline\\Pipeline->Illuminate\\Pipeline\\{closure}()
#20 /home/drnfx25/Desktop/SIMTOPA_draft/vendor/laravel/framework/src/Illuminate/Foundation/Http/Middleware/VerifyCsrfToken.php(75): Illuminate\\Routing\\Pipeline->Illuminate\\Routing\\{closure}()
#21 /home/drnfx25/Desktop/SIMTOPA_draft/vendor/laravel/framework/src/Illuminate/Pipeline/Pipeline.php(151): Illuminate\\Foundation\\Http\\Middleware\\VerifyCsrfToken->handle()
#22 /home/drnfx25/Desktop/SIMTOPA_draft/vendor/laravel/framework/src/Illuminate/Routing/Pipeline.php(53): Illuminate\\Pipeline\\Pipeline->Illuminate\\Pipeline\\{closure}()
#23 /home/drnfx25/Desktop/SIMTOPA_draft/vendor/laravel/framework/src/Illuminate/View/Middleware/ShareErrorsFromSession.php(49): Illuminate\\Routing\\Pipeline->Illuminate\\Routing\\{closure}()
#24 /home/drnfx25/Desktop/SIMTOPA_draft/vendor/laravel/framework/src/Illuminate/Pipeline/Pipeline.php(151): Illuminate\\View\\Middleware\\ShareErrorsFromSession->handle()
#25 /home/drnfx25/Desktop/SIMTOPA_draft/vendor/laravel/framework/src/Illuminate/Routing/Pipeline.php(53): Illuminate\\Pipeline\\Pipeline->Illuminate\\Pipeline\\{closure}()
#26 /home/drnfx25/Desktop/SIMTOPA_draft/vendor/laravel/framework/src/Illuminate/Session/Middleware/StartSession.php(63): Illuminate\\Routing\\Pipeline->Illuminate\\Routing\\{closure}()
#27 /home/drnfx25/Desktop/SIMTOPA_draft/vendor/laravel/framework/src/Illuminate/Pipeline/Pipeline.php(151): Illuminate\\Session\\Middleware\\StartSession->handle()
#28 /home/drnfx25/Desktop/SIMTOPA_draft/vendor/laravel/framework/src/Illuminate/Routing/Pipeline.php(53): Illuminate\\Pipeline\\Pipeline->Illuminate\\Pipeline\\{closure}()
#29 /home/drnfx25/Desktop/SIMTOPA_draft/vendor/laravel/framework/src/Illuminate/Cookie/Middleware/AddQueuedCookiesToResponse.php(37): Illuminate\\Routing\\Pipeline->Illuminate\\Routing\\{closure}()
#30 /home/drnfx25/Desktop/SIMTOPA_draft/vendor/laravel/framework/src/Illuminate/Pipeline/Pipeline.php(151): Illuminate\\Cookie\\Middleware\\AddQueuedCookiesToResponse->handle()
#31 /home/drnfx25/Desktop/SIMTOPA_draft/vendor/laravel/framework/src/Illuminate/Routing/Pipeline.php(53): Illuminate\\Pipeline\\Pipeline->Illuminate\\Pipeline\\{closure}()
#32 /home/drnfx25/Desktop/SIMTOPA_draft/vendor/laravel/framework/src/Illuminate/Cookie/Middleware/EncryptCookies.php(66): Illuminate\\Routing\\Pipeline->Illuminate\\Routing\\{closure}()
#33 /home/drnfx25/Desktop/SIMTOPA_draft/vendor/laravel/framework/src/Illuminate/Pipeline/Pipeline.php(151): Illuminate\\Cookie\\Middleware\\EncryptCookies->handle()
#34 /home/drnfx25/Desktop/SIMTOPA_draft/vendor/laravel/framework/src/Illuminate/Routing/Pipeline.php(53): Illuminate\\Pipeline\\Pipeline->Illuminate\\Pipeline\\{closure}()
#35 /home/drnfx25/Desktop/SIMTOPA_draft/vendor/laravel/framework/src/Illuminate/Pipeline/Pipeline.php(104): Illuminate\\Routing\\Pipeline->Illuminate\\Routing\\{closure}()
#36 /home/drnfx25/Desktop/SIMTOPA_draft/vendor/laravel/framework/src/Illuminate/Routing/Router.php(681): Illuminate\\Pipeline\\Pipeline->then()
#37 /home/drnfx25/Desktop/SIMTOPA_draft/vendor/laravel/framework/src/Illuminate/Routing/Router.php(656): Illuminate\\Routing\\Router->runRouteWithinStack()
#38 /home/drnfx25/Desktop/SIMTOPA_draft/vendor/laravel/framework/src/Illuminate/Routing/Router.php(622): Illuminate\\Routing\\Router->runRoute()
#39 /home/drnfx25/Desktop/SIMTOPA_draft/vendor/laravel/framework/src/Illuminate/Routing/Router.php(611): Illuminate\\Routing\\Router->dispatchToRoute()
#40 /home/drnfx25/Desktop/SIMTOPA_draft/vendor/laravel/framework/src/Illuminate/Foundation/Http/Kernel.php(176): Illuminate\\Routing\\Router->dispatch()
#41 /home/drnfx25/Desktop/SIMTOPA_draft/vendor/laravel/framework/src/Illuminate/Routing/Pipeline.php(30): Illuminate\\Foundation\\Http\\Kernel->Illuminate\\Foundation\\Http\\{closure}()
#42 /home/drnfx25/Desktop/SIMTOPA_draft/vendor/fideloper/proxy/src/TrustProxies.php(57): Illuminate\\Routing\\Pipeline->Illuminate\\Routing\\{closure}()
#43 /home/drnfx25/Desktop/SIMTOPA_draft/vendor/laravel/framework/src/Illuminate/Pipeline/Pipeline.php(151): Fideloper\\Proxy\\TrustProxies->handle()
#44 /home/drnfx25/Desktop/SIMTOPA_draft/vendor/laravel/framework/src/Illuminate/Routing/Pipeline.php(53): Illuminate\\Pipeline\\Pipeline->Illuminate\\Pipeline\\{closure}()
#45 /home/drnfx25/Desktop/SIMTOPA_draft/vendor/laravel/framework/src/Illuminate/Foundation/Http/Middleware/TransformsRequest.php(31): Illuminate\\Routing\\Pipeline->Illuminate\\Routing\\{closure}()
#46 /home/drnfx25/Desktop/SIMTOPA_draft/vendor/laravel/framework/src/Illuminate/Pipeline/Pipeline.php(151): Illuminate\\Foundation\\Http\\Middleware\\TransformsRequest->handle()
#47 /home/drnfx25/Desktop/SIMTOPA_draft/vendor/laravel/framework/src/Illuminate/Routing/Pipeline.php(53): Illuminate\\Pipeline\\Pipeline->Illuminate\\Pipeline\\{closure}()
#48 /home/drnfx25/Desktop/SIMTOPA_draft/vendor/laravel/framework/src/Illuminate/Foundation/Http/Middleware/TransformsRequest.php(31): Illuminate\\Routing\\Pipeline->Illuminate\\Routing\\{closure}()
#49 /home/drnfx25/Desktop/SIMTOPA_draft/vendor/laravel/framework/src/Illuminate/Pipeline/Pipeline.php(151): Illuminate\\Foundation\\Http\\Middleware\\TransformsRequest->handle()
#50 /home/drnfx25/Desktop/SIMTOPA_draft/vendor/laravel/framework/src/Illuminate/Routing/Pipeline.php(53): Illuminate\\Pipeline\\Pipeline->Illuminate\\Pipeline\\{closure}()
#51 /home/drnfx25/Desktop/SIMTOPA_draft/vendor/laravel/framework/src/Illuminate/Foundation/Http/Middleware/ValidatePostSize.php(27): Illuminate\\Routing\\Pipeline->Illuminate\\Routing\\{closure}()
#52 /home/drnfx25/Desktop/SIMTOPA_draft/vendor/laravel/framework/src/Illuminate/Pipeline/Pipeline.php(151): Illuminate\\Foundation\\Http\\Middleware\\ValidatePostSize->handle()
#53 /home/drnfx25/Desktop/SIMTOPA_draft/vendor/laravel/framework/src/Illuminate/Routing/Pipeline.php(53): Illuminate\\Pipeline\\Pipeline->Illuminate\\Pipeline\\{closure}()
#54 /home/drnfx25/Desktop/SIMTOPA_draft/vendor/laravel/framework/src/Illuminate/Foundation/Http/Middleware/CheckForMaintenanceMode.php(62): Illuminate\\Routing\\Pipeline->Illuminate\\Routing\\{closure}()
#55 /home/drnfx25/Desktop/SIMTOPA_draft/vendor/laravel/framework/src/Illuminate/Pipeline/Pipeline.php(151): Illuminate\\Foundation\\Http\\Middleware\\CheckForMaintenanceMode->handle()
#56 /home/drnfx25/Desktop/SIMTOPA_draft/vendor/laravel/framework/src/Illuminate/Routing/Pipeline.php(53): Illuminate\\Pipeline\\Pipeline->Illuminate\\Pipeline\\{closure}()
#57 /home/drnfx25/Desktop/SIMTOPA_draft/vendor/laravel/framework/src/Illuminate/Pipeline/Pipeline.php(104): Illuminate\\Routing\\Pipeline->Illuminate\\Routing\\{closure}()
#58 /home/drnfx25/Desktop/SIMTOPA_draft/vendor/laravel/framework/src/Illuminate/Foundation/Http/Kernel.php(151): Illuminate\\Pipeline\\Pipeline->then()
#59 /home/drnfx25/Desktop/SIMTOPA_draft/vendor/laravel/framework/src/Illuminate/Foundation/Http/Kernel.php(116): Illuminate\\Foundation\\Http\\Kernel->sendRequestThroughRouter()
#60 /home/drnfx25/Desktop/SIMTOPA_draft/public/index.php(55): Illuminate\\Foundation\\Http\\Kernel->handle()
#61 /home/drnfx25/Desktop/SIMTOPA_draft/server.php(21): require_once('/home/drnfx25/D...')
#62 {main}
"} 
[2020-07-04 17:04:18] local.ERROR: file_put_contents(C:\xampp\htdocs\SIMTOPA_draft\storage\framework/sessions/uvOVpcp1pFSRubyAI5uTT43N0ovrhi1AUoMVXSAC): failed to open stream: No such file or directory {"exception":"[object] (ErrorException(code: 0): file_put_contents(C:\\xampp\\htdocs\\SIMTOPA_draft\\storage\\framework/sessions/uvOVpcp1pFSRubyAI5uTT43N0ovrhi1AUoMVXSAC): failed to open stream: No such file or directory at /home/drnfx25/Desktop/SIMTOPA_draft/vendor/laravel/framework/src/Illuminate/Filesystem/Filesystem.php:122)
[stacktrace]
#0 [internal function]: Illuminate\\Foundation\\Bootstrap\\HandleExceptions->handleError()
#1 /home/drnfx25/Desktop/SIMTOPA_draft/vendor/laravel/framework/src/Illuminate/Filesystem/Filesystem.php(122): file_put_contents()
#2 /home/drnfx25/Desktop/SIMTOPA_draft/vendor/laravel/framework/src/Illuminate/Session/FileSessionHandler.php(83): Illuminate\\Filesystem\\Filesystem->put()
#3 /home/drnfx25/Desktop/SIMTOPA_draft/vendor/laravel/framework/src/Illuminate/Session/Store.php(129): Illuminate\\Session\\FileSessionHandler->write()
#4 /home/drnfx25/Desktop/SIMTOPA_draft/vendor/laravel/framework/src/Illuminate/Session/Middleware/StartSession.php(87): Illuminate\\Session\\Store->save()
#5 /home/drnfx25/Desktop/SIMTOPA_draft/vendor/laravel/framework/src/Illuminate/Foundation/Http/Kernel.php(218): Illuminate\\Session\\Middleware\\StartSession->terminate()
#6 /home/drnfx25/Desktop/SIMTOPA_draft/vendor/laravel/framework/src/Illuminate/Foundation/Http/Kernel.php(189): Illuminate\\Foundation\\Http\\Kernel->terminateMiddleware()
#7 /home/drnfx25/Desktop/SIMTOPA_draft/public/index.php(60): Illuminate\\Foundation\\Http\\Kernel->terminate()
#8 /home/drnfx25/Desktop/SIMTOPA_draft/server.php(21): require_once('/home/drnfx25/D...')
#9 {main}
"} 
